nohup: ignoring input
listener started
accept a connect
[{'user':'1024979076','start':'2021-03-05 8:00','end':'2021-03-05 9:35','thing':'现代密码学','note':'课表提醒','location':'南教503','before':30},{'user':'1024979076','start':'2021-03-03 8:00','end':'2021-03-03 9:35','thing':'计算方法','note':'课表提醒','location':'西环207','before':30},{'user':'1024979076','start':'2021-03-02 8:00','end':'2021-03-02 9:35','thing':'现代密码学','note':'课表提醒','location':'南教503','before':30},{'user':'1024979076','start':'2021-03-01 8:00','end':'2021-03-01 9:35','thing':'计算方法','note':'课表提醒','location':'西环207','before':30},{'user':'1024979076','start':'2021-03-02 14:00','end':'2021-03-02 15:35','thing':'体育(4-4)','note':'课表提醒','location':'体育场2','before':30}]
[{'user':'1024979076','start':'2021-03-05 8:00','end':'2021-03-05 9:35','thing':'现代密码学','note':'课表提醒','location':'南教503','before':30},{'user':'1024979076','start':'2021-03-03 8:00','end':'2021-03-03 9:35','thing':'计算方法','note':'课表提醒','location':'西环207','before':30},{'user':'1024979076','start':'2021-03-02 8:00','end':'2021-03-02 9:35','thing':'现代密码学','note':'课表提醒','location':'南教503','before':30},{'user':'1024979076','start':'2021-03-01 8:00','end':'2021-03-01 9:35','thing':'计算方法','note':'课表提醒','location':'西环207','before':30},{'user':'1024979076','start':'2021-03-02 14:00','end':'2021-03-02 15:35','thing':'体育(4-4)','note':'课表提醒','location':'体育场2','before':30}]1233
2021-03-05 8:00
2021-03-03 8:00
2021-03-02 8:00
2021-03-01 8:00
2021-03-02 14:00
<class 'str'>
accept a connect
[{'user':'1024979076','start':'2021-03-05 14:00','end':'2021-03-05 15:35','thing':'Web应用开发','note':'课表提醒','location':'西环102','before':30},{'user':'1024979076','start':'2021-03-01 15:55','end':'2021-03-01 17:30','thing':'大学生心理健康教育','note':'课表提醒','location':'东环205','before':30},{'user':'1024979076','start':'2021-03-03 15:55','end':'2021-03-03 17:30','thing':'Web应用开发','note':'课表提醒','location':'西环102','before':30}]
[{'user':'1024979076','start':'2021-03-05 14:00','end':'2021-03-05 15:35','thing':'Web应用开发','note':'课表提醒','location':'西环102','before':30},{'user':'1024979076','start':'2021-03-01 15:55','end':'2021-03-01 17:30','thing':'大学生心理健康教育','note':'课表提醒','location':'东环205','before':30},{'user':'1024979076','start':'2021-03-03 15:55','end':'2021-03-03 17:30','thing':'Web应用开发','note':'课表提醒','location':'西环102','before':30}]1233
2021-03-05 14:00
2021-03-01 15:55
2021-03-03 15:55
<class 'str'>
accept a connect
[{'user':'1024979076','start':'2021-03-12 8:00','end':'2021-03-12 9:35','thing':'现代密码学','note':'课表提醒','location':'南教503','before':30},{'user':'1024979076','start':'2021-03-10 8:00','end':'2021-03-10 9:35','thing':'计算方法','note':'课表提醒','location':'西环207','before':30},{'user':'1024979076','start':'2021-03-11 8:00','end':'2021-03-11 9:35','thing':'大学英语(4-4)','note':'课表提醒','location':'综合楼A506','before':30},{'user':'1024979076','start':'2021-03-08 8:00','end':'2021-03-08 9:35','thing':'计算方法','note':'课表提醒','location':'西环207','before':30},{'user':'1024979076','start':'2021-03-09 8:00','end':'2021-03-09 9:35','thing':'现代密码学','note':'课表提醒','location':'南教503','before':30}]
[{'user':'1024979076','start':'2021-03-12 8:00','end':'2021-03-12 9:35','thing':'现代密码学','note':'课表提醒','location':'南教503','before':30},{'user':'1024979076','start':'2021-03-10 8:00','end':'2021-03-10 9:35','thing':'计算方法','note':'课表提醒','location':'西环207','before':30},{'user':'1024979076','start':'2021-03-11 8:00','end':'2021-03-11 9:35','thing':'大学英语(4-4)','note':'课表提醒','location':'综合楼A506','before':30},{'user':'1024979076','start':'2021-03-08 8:00','end':'2021-03-08 9:35','thing':'计算方法','note':'课表提醒','location':'西环207','before':30},{'user':'1024979076','start':'2021-03-09 8:00','end':'2021-03-09 9:35','thing':'现代密码学','note':'课表提醒','location':'南教503','before':30}]1233
2021-03-12 8:00
2021-03-10 8:00
2021-03-11 8:00
2021-03-08 8:00
2021-03-09 8:00
<class 'str'>
accept a connect
[{'user':'1024979076','start':'2021-03-09 14:00','end':'2021-03-09 15:35','thing':'体育(4-4)','note':'课表提醒','location':'体育场2','before':30},{'user':'1024979076','start':'2021-03-12 14:00','end':'2021-03-12 15:35','thing':'Web应用开发','note':'课表提醒','location':'西环102','before':30},{'user':'1024979076','start':'2021-03-08 14:00','end':'2021-03-08 15:35','thing':'大学英语(4-4)','note':'课表提醒','location':'综合楼A506','before':30},{'user':'1024979076','start':'2021-03-08 15:55','end':'2021-03-08 17:30','thing':'大学生心理健康教育','note':'课表提醒','location':'东环205','before':30}]
[{'user':'1024979076','start':'2021-03-09 14:00','end':'2021-03-09 15:35','thing':'体育(4-4)','note':'课表提醒','location':'体育场2','before':30},{'user':'1024979076','start':'2021-03-12 14:00','end':'2021-03-12 15:35','thing':'Web应用开发','note':'课表提醒','location':'西环102','before':30},{'user':'1024979076','start':'2021-03-08 14:00','end':'2021-03-08 15:35','thing':'大学英语(4-4)','note':'课表提醒','location':'综合楼A506','before':30},{'user':'1024979076','start':'2021-03-08 15:55','end':'2021-03-08 17:30','thing':'大学生心理健康教育','note':'课表提醒','location':'东环205','before':30}]1233
2021-03-09 14:00
2021-03-12 14:00
2021-03-08 14:00
2021-03-08 15:55
<class 'str'>
accept a connect
[{'user':'1024979076','start':'2021-03-10 15:55','end':'2021-03-10 17:30','thing':'Web应用开发','note':'课表提醒','location':'西环102','before':30},{'user':'1024979076','start':'2021-03-11 19:00','end':'2021-03-11 20:35','thing':'Web应用开发','note':'课表提醒','location':'文理楼109英语语音室','before':30}]
[{'user':'1024979076','start':'2021-03-10 15:55','end':'2021-03-10 17:30','thing':'Web应用开发','note':'课表提醒','location':'西环102','before':30},{'user':'1024979076','start':'2021-03-11 19:00','end':'2021-03-11 20:35','thing':'Web应用开发','note':'课表提醒','location':'文理楼109英语语音室','before':30}]1233
2021-03-10 15:55
2021-03-11 19:00
<class 'str'>
accept a connect
[{'user':'1024979076','start':'2021-03-15 8:00','end':'2021-03-15 9:35','thing':'计算方法','note':'课表提醒','location':'西环207','before':30},{'user':'1024979076','start':'2021-03-17 8:00','end':'2021-03-17 9:35','thing':'计算方法','note':'课表提醒','location':'西环207','before':30},{'user':'1024979076','start':'2021-03-19 8:00','end':'2021-03-19 9:35','thing':'现代密码学','note':'课表提醒','location':'南教503','before':30},{'user':'1024979076','start':'2021-03-18 8:00','end':'2021-03-18 9:35','thing':'大学英语(4-4)','note':'课表提醒','location':'综合楼A506','before':30},{'user':'1024979076','start':'2021-03-16 8:00','end':'2021-03-16 9:35','thing':'现代密码学','note':'课表提醒','location':'南教503','before':30}]
[{'user':'1024979076','start':'2021-03-15 8:00','end':'2021-03-15 9:35','thing':'计算方法','note':'课表提醒','location':'西环207','before':30},{'user':'1024979076','start':'2021-03-17 8:00','end':'2021-03-17 9:35','thing':'计算方法','note':'课表提醒','location':'西环207','before':30},{'user':'1024979076','start':'2021-03-19 8:00','end':'2021-03-19 9:35','thing':'现代密码学','note':'课表提醒','location':'南教503','before':30},{'user':'1024979076','start':'2021-03-18 8:00','end':'2021-03-18 9:35','thing':'大学英语(4-4)','note':'课表提醒','location':'综合楼A506','before':30},{'user':'1024979076','start':'2021-03-16 8:00','end':'2021-03-16 9:35','thing':'现代密码学','note':'课表提醒','location':'南教503','before':30}]1233
2021-03-15 8:00
2021-03-17 8:00
2021-03-19 8:00
2021-03-18 8:00
2021-03-16 8:00
<class 'str'>
accept a connect
[{'user':'1024979076','start':'2021-03-19 14:00','end':'2021-03-19 15:35','thing':'Web应用开发','note':'课表提醒','location':'西环102','before':30},{'user':'1024979076','start':'2021-03-16 14:00','end':'2021-03-16 15:35','thing':'体育(4-4)','note':'课表提醒','location':'体育场2','before':30},{'user':'1024979076','start':'2021-03-17 15:55','end':'2021-03-17 17:30','thing':'Web应用开发','note':'课表提醒','location':'西环102','before':30},{'user':'1024979076','start':'2021-03-15 15:55','end':'2021-03-15 17:30','thing':'大学生心理健康教育','note':'课表提醒','location':'东环205','before':30}]
[{'user':'1024979076','start':'2021-03-19 14:00','end':'2021-03-19 15:35','thing':'Web应用开发','note':'课表提醒','location':'西环102','before':30},{'user':'1024979076','start':'2021-03-16 14:00','end':'2021-03-16 15:35','thing':'体育(4-4)','note':'课表提醒','location':'体育场2','before':30},{'user':'1024979076','start':'2021-03-17 15:55','end':'2021-03-17 17:30','thing':'Web应用开发','note':'课表提醒','location':'西环102','before':30},{'user':'1024979076','start':'2021-03-15 15:55','end':'2021-03-15 17:30','thing':'大学生心理健康教育','note':'课表提醒','location':'东环205','before':30}]1233
2021-03-19 14:00
2021-03-16 14:00
2021-03-17 15:55
2021-03-15 15:55
<class 'str'>
accept a connect
[]
[]1233
<class 'str'>
accept a connect
[{'user':'1024979076','start':'2021-03-26 8:00','end':'2021-03-26 9:35','thing':'现代密码学','note':'课表提醒','location':'南教503','before':30},{'user':'1024979076','start':'2021-03-24 8:00','end':'2021-03-24 9:35','thing':'计算方法','note':'课表提醒','location':'西环207','before':30},{'user':'1024979076','start':'2021-03-25 8:00','end':'2021-03-25 9:35','thing':'大学英语(4-4)','note':'课表提醒','location':'综合楼A506','before':30},{'user':'1024979076','start':'2021-03-22 8:00','end':'2021-03-22 9:35','thing':'计算方法','note':'课表提醒','location':'西环207','before':30},{'user':'1024979076','start':'2021-03-23 8:00','end':'2021-03-23 9:35','thing':'现代密码学','note':'课表提醒','location':'南教503','before':30}]
[{'user':'1024979076','start':'2021-03-26 8:00','end':'2021-03-26 9:35','thing':'现代密码学','note':'课表提醒','location':'南教503','before':30},{'user':'1024979076','start':'2021-03-24 8:00','end':'2021-03-24 9:35','thing':'计算方法','note':'课表提醒','location':'西环207','before':30},{'user':'1024979076','start':'2021-03-25 8:00','end':'2021-03-25 9:35','thing':'大学英语(4-4)','note':'课表提醒','location':'综合楼A506','before':30},{'user':'1024979076','start':'2021-03-22 8:00','end':'2021-03-22 9:35','thing':'计算方法','note':'课表提醒','location':'西环207','before':30},{'user':'1024979076','start':'2021-03-23 8:00','end':'2021-03-23 9:35','thing':'现代密码学','note':'课表提醒','location':'南教503','before':30}]1233
2021-03-26 8:00
2021-03-24 8:00
2021-03-25 8:00
2021-03-22 8:00
2021-03-23 8:00
<class 'str'>
accept a connect
[{'user':'1024979076','start':'2021-03-23 14:00','end':'2021-03-23 15:35','thing':'体育(4-4)','note':'课表提醒','location':'体育场2','before':30},{'user':'1024979076','start':'2021-03-26 14:00','end':'2021-03-26 15:35','thing':'Web应用开发','note':'课表提醒','location':'西环102','before':30},{'user':'1024979076','start':'2021-03-22 14:00','end':'2021-03-22 15:35','thing':'大学英语(4-4)','note':'课表提醒','location':'综合楼A506','before':30},{'user':'1024979076','start':'2021-03-24 15:55','end':'2021-03-24 17:30','thing':'Web应用开发','note':'课表提醒','location':'西环102','before':30}]
[{'user':'1024979076','start':'2021-03-23 14:00','end':'2021-03-23 15:35','thing':'体育(4-4)','note':'课表提醒','location':'体育场2','before':30},{'user':'1024979076','start':'2021-03-26 14:00','end':'2021-03-26 15:35','thing':'Web应用开发','note':'课表提醒','location':'西环102','before':30},{'user':'1024979076','start':'2021-03-22 14:00','end':'2021-03-22 15:35','thing':'大学英语(4-4)','note':'课表提醒','location':'综合楼A506','before':30},{'user':'1024979076','start':'2021-03-24 15:55','end':'2021-03-24 17:30','thing':'Web应用开发','note':'课表提醒','location':'西环102','before':30}]1233
2021-03-23 14:00
2021-03-26 14:00
2021-03-22 14:00
2021-03-24 15:55
<class 'str'>
accept a connect
[{'user':'1024979076','start':'2021-03-22 15:55','end':'2021-03-22 17:30','thing':'大学生心理健康教育','note':'课表提醒','location':'东环205','before':30},{'user':'1024979076','start':'2021-03-25 19:00','end':'2021-03-25 20:35','thing':'Web应用开发','note':'课表提醒','location':'文理楼109英语语音室','before':30}]
[{'user':'1024979076','start':'2021-03-22 15:55','end':'2021-03-22 17:30','thing':'大学生心理健康教育','note':'课表提醒','location':'东环205','before':30},{'user':'1024979076','start':'2021-03-25 19:00','end':'2021-03-25 20:35','thing':'Web应用开发','note':'课表提醒','location':'文理楼109英语语音室','before':30}]1233
2021-03-22 15:55
2021-03-25 19:00
<class 'str'>
accept a connect
[{'user':'1024979076','start':'2021-04-01 8:00','end':'2021-04-01 9:35','thing':'大学英语(4-4)','note':'课表提醒','location':'综合楼A506','before':30},{'user':'1024979076','start':'2021-03-30 8:00','end':'2021-03-30 9:35','thing':'现代密码学','note':'课表提醒','location':'南教503','before':30},{'user':'1024979076','start':'2021-03-29 8:00','end':'2021-03-29 9:35','thing':'计算方法','note':'课表提醒','location':'西环207','before':30},{'user':'1024979076','start':'2021-03-31 8:00','end':'2021-03-31 9:35','thing':'计算方法','note':'课表提醒','location':'西环207','before':30},{'user':'1024979076','start':'2021-04-02 8:00','end':'2021-04-02 9:35','thing':'现代密码学','note':'课表提醒','location':'南教503','before':30}]
[{'user':'1024979076','start':'2021-04-01 8:00','end':'2021-04-01 9:35','thing':'大学英语(4-4)','note':'课表提醒','location':'综合楼A506','before':30},{'user':'1024979076','start':'2021-03-30 8:00','end':'2021-03-30 9:35','thing':'现代密码学','note':'课表提醒','location':'南教503','before':30},{'user':'1024979076','start':'2021-03-29 8:00','end':'2021-03-29 9:35','thing':'计算方法','note':'课表提醒','location':'西环207','before':30},{'user':'1024979076','start':'2021-03-31 8:00','end':'2021-03-31 9:35','thing':'计算方法','note':'课表提醒','location':'西环207','before':30},{'user':'1024979076','start':'2021-04-02 8:00','end':'2021-04-02 9:35','thing':'现代密码学','note':'课表提醒','location':'南教503','before':30}]1233
2021-04-01 8:00
2021-03-30 8:00
2021-03-29 8:00
2021-03-31 8:00
2021-04-02 8:00
<class 'str'>
accept a connect
[{'user':'1024979076','start':'2021-03-30 9:55','end':'2021-03-30 12:20','thing':'毛泽东思想和中国特色社会主义理论体系概论','note':'课表提醒','location':'南教213','before':30},{'user':'1024979076','start':'2021-04-01 9:55','end':'2021-04-01 12:20','thing':'毛泽东思想和中国特色社会主义理论体系概论','note':'课表提醒','location':'南教213','before':30},{'user':'1024979076','start':'2021-04-02 14:00','end':'2021-04-02 15:35','thing':'Web应用开发','note':'课表提醒','location':'西环102','before':30},{'user':'1024979076','start':'2021-03-30 14:00','end':'2021-03-30 15:35','thing':'体育(4-4)','note':'课表提醒','location':'体育场2','before':30}]
[{'user':'1024979076','start':'2021-03-30 9:55','end':'2021-03-30 12:20','thing':'毛泽东思想和中国特色社会主义理论体系概论','note':'课表提醒','location':'南教213','before':30},{'user':'1024979076','start':'2021-04-01 9:55','end':'2021-04-01 12:20','thing':'毛泽东思想和中国特色社会主义理论体系概论','note':'课表提醒','location':'南教213','before':30},{'user':'1024979076','start':'2021-04-02 14:00','end':'2021-04-02 15:35','thing':'Web应用开发','note':'课表提醒','location':'西环102','before':30},{'user':'1024979076','start':'2021-03-30 14:00','end':'2021-03-30 15:35','thing':'体育(4-4)','note':'课表提醒','location':'体育场2','before':30}]1233
2021-03-30 9:55
2021-04-01 9:55
2021-04-02 14:00
2021-03-30 14:00
<class 'str'>
accept a connect
[{'user':'1024979076','start':'2021-03-31 15:55','end':'2021-03-31 17:30','thing':'Web应用开发','note':'课表提醒','location':'西环102','before':30},{'user':'1024979076','start':'2021-03-29 15:55','end':'2021-03-29 17:30','thing':'大学生心理健康教育','note':'课表提醒','location':'东环205','before':30},{'user':'1024979076','start':'2021-04-01 19:00','end':'2021-04-01 20:35','thing':'Web应用开发','note':'课表提醒','location':'文理楼109英语语音室','before':30}]
[{'user':'1024979076','start':'2021-03-31 15:55','end':'2021-03-31 17:30','thing':'Web应用开发','note':'课表提醒','location':'西环102','before':30},{'user':'1024979076','start':'2021-03-29 15:55','end':'2021-03-29 17:30','thing':'大学生心理健康教育','note':'课表提醒','location':'东环205','before':30},{'user':'1024979076','start':'2021-04-01 19:00','end':'2021-04-01 20:35','thing':'Web应用开发','note':'课表提醒','location':'文理楼109英语语音室','before':30}]1233
2021-03-31 15:55
2021-03-29 15:55
2021-04-01 19:00
<class 'str'>
accept a connect
[{'user':'1024979076','start':'2021-04-05 8:00','end':'2021-04-05 9:35','thing':'计算方法','note':'课表提醒','location':'西环207','before':30},{'user':'1024979076','start':'2021-04-07 8:00','end':'2021-04-07 9:35','thing':'计算方法','note':'课表提醒','location':'西环207','before':30},{'user':'1024979076','start':'2021-04-09 8:00','end':'2021-04-09 9:35','thing':'现代密码学','note':'课表提醒','location':'南教503','before':30},{'user':'1024979076','start':'2021-04-08 8:00','end':'2021-04-08 9:35','thing':'大学英语(4-4)','note':'课表提醒','location':'综合楼A506','before':30},{'user':'1024979076','start':'2021-04-06 8:00','end':'2021-04-06 9:35','thing':'现代密码学','note':'课表提醒','location':'南教503','before':30}]
[{'user':'1024979076','start':'2021-04-05 8:00','end':'2021-04-05 9:35','thing':'计算方法','note':'课表提醒','location':'西环207','before':30},{'user':'1024979076','start':'2021-04-07 8:00','end':'2021-04-07 9:35','thing':'计算方法','note':'课表提醒','location':'西环207','before':30},{'user':'1024979076','start':'2021-04-09 8:00','end':'2021-04-09 9:35','thing':'现代密码学','note':'课表提醒','location':'南教503','before':30},{'user':'1024979076','start':'2021-04-08 8:00','end':'2021-04-08 9:35','thing':'大学英语(4-4)','note':'课表提醒','location':'综合楼A506','before':30},{'user':'1024979076','start':'2021-04-06 8:00','end':'2021-04-06 9:35','thing':'现代密码学','note':'课表提醒','location':'南教503','before':30}]1233
2021-04-05 8:00
2021-04-07 8:00
2021-04-09 8:00
2021-04-08 8:00
2021-04-06 8:00
<class 'str'>
accept a connect
[{'user':'1024979076','start':'2021-04-06 9:55','end':'2021-04-06 12:20','thing':'毛泽东思想和中国特色社会主义理论体系概论','note':'课表提醒','location':'南教213','before':30},{'user':'1024979076','start':'2021-04-08 9:55','end':'2021-04-08 12:20','thing':'毛泽东思想和中国特色社会主义理论体系概论','note':'课表提醒','location':'南教213','before':30},{'user':'1024979076','start':'2021-04-09 14:00','end':'2021-04-09 15:35','thing':'Web应用开发','note':'课表提醒','location':'西环102','before':30},{'user':'1024979076','start':'2021-04-10 14:00','end':'2021-04-10 15:35','thing':'EDA设计基础','note':'课表提醒','location':'南教204','before':30}]
[{'user':'1024979076','start':'2021-04-06 9:55','end':'2021-04-06 12:20','thing':'毛泽东思想和中国特色社会主义理论体系概论','note':'课表提醒','location':'南教213','before':30},{'user':'1024979076','start':'2021-04-08 9:55','end':'2021-04-08 12:20','thing':'毛泽东思想和中国特色社会主义理论体系概论','note':'课表提醒','location':'南教213','before':30},{'user':'1024979076','start':'2021-04-09 14:00','end':'2021-04-09 15:35','thing':'Web应用开发','note':'课表提醒','location':'西环102','before':30},{'user':'1024979076','start':'2021-04-10 14:00','end':'2021-04-10 15:35','thing':'EDA设计基础','note':'课表提醒','location':'南教204','before':30}]1233
2021-04-06 9:55
2021-04-08 9:55
2021-04-09 14:00
2021-04-10 14:00
<class 'str'>
accept a connect
[{'user':'1024979076','start':'2021-04-06 14:00','end':'2021-04-06 15:35','thing':'体育(4-4)','note':'课表提醒','location':'体育场2','before':30},{'user':'1024979076','start':'2021-04-05 14:00','end':'2021-04-05 15:35','thing':'大学英语(4-4)','note':'课表提醒','location':'综合楼A506','before':30},{'user':'1024979076','start':'2021-04-06 15:55','end':'2021-04-06 17:30','thing':'EDA设计基础','note':'课表提醒','location':'南教204','before':30},{'user':'1024979076','start':'2021-04-08 15:55','end':'2021-04-08 17:30','thing':'EDA设计基础','note':'课表提醒','location':'南教204','before':30}]
[{'user':'1024979076','start':'2021-04-06 14:00','end':'2021-04-06 15:35','thing':'体育(4-4)','note':'课表提醒','location':'体育场2','before':30},{'user':'1024979076','start':'2021-04-05 14:00','end':'2021-04-05 15:35','thing':'大学英语(4-4)','note':'课表提醒','location':'综合楼A506','before':30},{'user':'1024979076','start':'2021-04-06 15:55','end':'2021-04-06 17:30','thing':'EDA设计基础','note':'课表提醒','location':'南教204','before':30},{'user':'1024979076','start':'2021-04-08 15:55','end':'2021-04-08 17:30','thing':'EDA设计基础','note':'课表提醒','location':'南教204','before':30}]1233
2021-04-06 14:00
2021-04-05 14:00
2021-04-06 15:55
2021-04-08 15:55
<class 'str'>
accept a connect
[{'user':'1024979076','start':'2021-04-05 15:55','end':'2021-04-05 17:30','thing':'大学生心理健康教育','note':'课表提醒','location':'东环205','before':30},{'user':'1024979076','start':'2021-04-07 15:55','end':'2021-04-07 17:30','thing':'Web应用开发','note':'课表提醒','location':'西环102','before':30},{'user':'1024979076','start':'2021-04-08 19:00','end':'2021-04-08 20:35','thing':'Web应用开发','note':'课表提醒','location':'文理楼109英语语音室','before':30}]
[{'user':'1024979076','start':'2021-04-05 15:55','end':'2021-04-05 17:30','thing':'大学生心理健康教育','note':'课表提醒','location':'东环205','before':30},{'user':'1024979076','start':'2021-04-07 15:55','end':'2021-04-07 17:30','thing':'Web应用开发','note':'课表提醒','location':'西环102','before':30},{'user':'1024979076','start':'2021-04-08 19:00','end':'2021-04-08 20:35','thing':'Web应用开发','note':'课表提醒','location':'文理楼109英语语音室','before':30}]1233
2021-04-05 15:55
2021-04-07 15:55
2021-04-08 19:00
<class 'str'>
accept a connect
[{'user':'1024979076','start':'2021-04-15 8:00','end':'2021-04-15 9:35','thing':'大学英语(4-4)','note':'课表提醒','location':'综合楼A506','before':30},{'user':'1024979076','start':'2021-04-13 8:00','end':'2021-04-13 9:35','thing':'现代密码学','note':'课表提醒','location':'南教503','before':30},{'user':'1024979076','start':'2021-04-12 8:00','end':'2021-04-12 9:35','thing':'计算方法','note':'课表提醒','location':'西环207','before':30},{'user':'1024979076','start':'2021-04-14 8:00','end':'2021-04-14 9:35','thing':'计算方法','note':'课表提醒','location':'西环207','before':30},{'user':'1024979076','start':'2021-04-16 8:00','end':'2021-04-16 9:35','thing':'现代密码学','note':'课表提醒','location':'南教503','before':30}]
[{'user':'1024979076','start':'2021-04-15 8:00','end':'2021-04-15 9:35','thing':'大学英语(4-4)','note':'课表提醒','location':'综合楼A506','before':30},{'user':'1024979076','start':'2021-04-13 8:00','end':'2021-04-13 9:35','thing':'现代密码学','note':'课表提醒','location':'南教503','before':30},{'user':'1024979076','start':'2021-04-12 8:00','end':'2021-04-12 9:35','thing':'计算方法','note':'课表提醒','location':'西环207','before':30},{'user':'1024979076','start':'2021-04-14 8:00','end':'2021-04-14 9:35','thing':'计算方法','note':'课表提醒','location':'西环207','before':30},{'user':'1024979076','start':'2021-04-16 8:00','end':'2021-04-16 9:35','thing':'现代密码学','note':'课表提醒','location':'南教503','before':30}]1233
2021-04-15 8:00
2021-04-13 8:00
2021-04-12 8:00
2021-04-14 8:00
2021-04-16 8:00
<class 'str'>
accept a connect
[{'user':'1024979076','start':'2021-04-13 9:55','end':'2021-04-13 12:20','thing':'毛泽东思想和中国特色社会主义理论体系概论','note':'课表提醒','location':'南教213','before':30},{'user':'1024979076','start':'2021-04-15 9:55','end':'2021-04-15 12:20','thing':'毛泽东思想和中国特色社会主义理论体系概论','note':'课表提醒','location':'南教213','before':30},{'user':'1024979076','start':'2021-04-17 14:00','end':'2021-04-17 15:35','thing':'EDA设计基础','note':'课表提醒','location':'南教204','before':30},{'user':'1024979076','start':'2021-04-13 14:00','end':'2021-04-13 15:35','thing':'体育(4-4)','note':'课表提醒','location':'体育场2','before':30}]
[{'user':'1024979076','start':'2021-04-13 9:55','end':'2021-04-13 12:20','thing':'毛泽东思想和中国特色社会主义理论体系概论','note':'课表提醒','location':'南教213','before':30},{'user':'1024979076','start':'2021-04-15 9:55','end':'2021-04-15 12:20','thing':'毛泽东思想和中国特色社会主义理论体系概论','note':'课表提醒','location':'南教213','before':30},{'user':'1024979076','start':'2021-04-17 14:00','end':'2021-04-17 15:35','thing':'EDA设计基础','note':'课表提醒','location':'南教204','before':30},{'user':'1024979076','start':'2021-04-13 14:00','end':'2021-04-13 15:35','thing':'体育(4-4)','note':'课表提醒','location':'体育场2','before':30}]1233
2021-04-13 9:55
2021-04-15 9:55
2021-04-17 14:00
2021-04-13 14:00
<class 'str'>
accept a connect
[{'user':'1024979076','start':'2021-04-16 14:00','end':'2021-04-16 15:35','thing':'中国近现代史纲要','note':'课表提醒','location':'南教302','before':30},{'user':'1024979076','start':'2021-04-13 15:55','end':'2021-04-13 17:30','thing':'EDA设计基础','note':'课表提醒','location':'南教204','before':30},{'user':'1024979076','start':'2021-04-15 15:55','end':'2021-04-15 17:30','thing':'EDA设计基础','note':'课表提醒','location':'南教204','before':30},{'user':'1024979076','start':'2021-04-12 15:55','end':'2021-04-12 17:30','thing':'大学生心理健康教育','note':'课表提醒','location':'东环205','before':30}]
[{'user':'1024979076','start':'2021-04-16 14:00','end':'2021-04-16 15:35','thing':'中国近现代史纲要','note':'课表提醒','location':'南教302','before':30},{'user':'1024979076','start':'2021-04-13 15:55','end':'2021-04-13 17:30','thing':'EDA设计基础','note':'课表提醒','location':'南教204','before':30},{'user':'1024979076','start':'2021-04-15 15:55','end':'2021-04-15 17:30','thing':'EDA设计基础','note':'课表提醒','location':'南教204','before':30},{'user':'1024979076','start':'2021-04-12 15:55','end':'2021-04-12 17:30','thing':'大学生心理健康教育','note':'课表提醒','location':'东环205','before':30}]1233
2021-04-16 14:00
2021-04-13 15:55
2021-04-15 15:55
2021-04-12 15:55
<class 'str'>
accept a connect
[{'user':'1024979076','start':'2021-04-13 19:00','end':'2021-04-13 20:35','thing':'中国近现代史纲要','note':'课表提醒','location':'西廊202','before':30}]
[{'user':'1024979076','start':'2021-04-13 19:00','end':'2021-04-13 20:35','thing':'中国近现代史纲要','note':'课表提醒','location':'西廊202','before':30}]1233
2021-04-13 19:00
<class 'str'>
accept a connect
[{'user':'1024979076','start':'2021-04-19 8:00','end':'2021-04-19 9:35','thing':'计算方法','note':'课表提醒','location':'西环207','before':30},{'user':'1024979076','start':'2021-04-21 8:00','end':'2021-04-21 9:35','thing':'计算方法','note':'课表提醒','location':'西环207','before':30},{'user':'1024979076','start':'2021-04-23 8:00','end':'2021-04-23 9:35','thing':'现代密码学','note':'课表提醒','location':'南教503','before':30},{'user':'1024979076','start':'2021-04-22 8:00','end':'2021-04-22 9:35','thing':'大学英语(4-4)','note':'课表提醒','location':'综合楼A506','before':30},{'user':'1024979076','start':'2021-04-20 8:00','end':'2021-04-20 9:35','thing':'现代密码学','note':'课表提醒','location':'南教503','before':30}]
[{'user':'1024979076','start':'2021-04-19 8:00','end':'2021-04-19 9:35','thing':'计算方法','note':'课表提醒','location':'西环207','before':30},{'user':'1024979076','start':'2021-04-21 8:00','end':'2021-04-21 9:35','thing':'计算方法','note':'课表提醒','location':'西环207','before':30},{'user':'1024979076','start':'2021-04-23 8:00','end':'2021-04-23 9:35','thing':'现代密码学','note':'课表提醒','location':'南教503','before':30},{'user':'1024979076','start':'2021-04-22 8:00','end':'2021-04-22 9:35','thing':'大学英语(4-4)','note':'课表提醒','location':'综合楼A506','before':30},{'user':'1024979076','start':'2021-04-20 8:00','end':'2021-04-20 9:35','thing':'现代密码学','note':'课表提醒','location':'南教503','before':30}]1233
2021-04-19 8:00
2021-04-21 8:00
2021-04-23 8:00
2021-04-22 8:00
2021-04-20 8:00
<class 'str'>
accept a connect
[{'user':'1024979076','start':'2021-04-22 9:55','end':'2021-04-22 12:20','thing':'毛泽东思想和中国特色社会主义理论体系概论','note':'课表提醒','location':'南教213','before':30},{'user':'1024979076','start':'2021-04-20 9:55','end':'2021-04-20 12:20','thing':'毛泽东思想和中国特色社会主义理论体系概论','note':'课表提醒','location':'南教213','before':30},{'user':'1024979076','start':'2021-04-19 14:00','end':'2021-04-19 15:35','thing':'大学英语(4-4)','note':'课表提醒','location':'综合楼A506','before':30},{'user':'1024979076','start':'2021-04-23 14:00','end':'2021-04-23 15:35','thing':'中国近现代史纲要','note':'课表提醒','location':'南教302','before':30}]
[{'user':'1024979076','start':'2021-04-22 9:55','end':'2021-04-22 12:20','thing':'毛泽东思想和中国特色社会主义理论体系概论','note':'课表提醒','location':'南教213','before':30},{'user':'1024979076','start':'2021-04-20 9:55','end':'2021-04-20 12:20','thing':'毛泽东思想和中国特色社会主义理论体系概论','note':'课表提醒','location':'南教213','before':30},{'user':'1024979076','start':'2021-04-19 14:00','end':'2021-04-19 15:35','thing':'大学英语(4-4)','note':'课表提醒','location':'综合楼A506','before':30},{'user':'1024979076','start':'2021-04-23 14:00','end':'2021-04-23 15:35','thing':'中国近现代史纲要','note':'课表提醒','location':'南教302','before':30}]1233
2021-04-22 9:55
2021-04-20 9:55
2021-04-19 14:00
2021-04-23 14:00
<class 'str'>
accept a connect
[{'user':'1024979076','start':'2021-04-20 14:00','end':'2021-04-20 15:35','thing':'体育(4-4)','note':'课表提醒','location':'体育场2','before':30},{'user':'1024979076','start':'2021-04-24 14:00','end':'2021-04-24 15:35','thing':'EDA设计基础','note':'课表提醒','location':'南教204','before':30},{'user':'1024979076','start':'2021-04-20 15:55','end':'2021-04-20 17:30','thing':'EDA设计基础','note':'课表提醒','location':'南教204','before':30},{'user':'1024979076','start':'2021-04-19 15:55','end':'2021-04-19 17:30','thing':'大学生心理健康教育','note':'课表提醒','location':'东环205','before':30}]
[{'user':'1024979076','start':'2021-04-20 14:00','end':'2021-04-20 15:35','thing':'体育(4-4)','note':'课表提醒','location':'体育场2','before':30},{'user':'1024979076','start':'2021-04-24 14:00','end':'2021-04-24 15:35','thing':'EDA设计基础','note':'课表提醒','location':'南教204','before':30},{'user':'1024979076','start':'2021-04-20 15:55','end':'2021-04-20 17:30','thing':'EDA设计基础','note':'课表提醒','location':'南教204','before':30},{'user':'1024979076','start':'2021-04-19 15:55','end':'2021-04-19 17:30','thing':'大学生心理健康教育','note':'课表提醒','location':'东环205','before':30}]1233
2021-04-20 14:00
2021-04-24 14:00
2021-04-20 15:55
2021-04-19 15:55
<class 'str'>
accept a connect
[{'user':'1024979076','start':'2021-04-22 15:55','end':'2021-04-22 17:30','thing':'EDA设计基础','note':'课表提醒','location':'南教204','before':30},{'user':'1024979076','start':'2021-04-20 19:00','end':'2021-04-20 20:35','thing':'中国近现代史纲要','note':'课表提醒','location':'西廊202','before':30}]
[{'user':'1024979076','start':'2021-04-22 15:55','end':'2021-04-22 17:30','thing':'EDA设计基础','note':'课表提醒','location':'南教204','before':30},{'user':'1024979076','start':'2021-04-20 19:00','end':'2021-04-20 20:35','thing':'中国近现代史纲要','note':'课表提醒','location':'西廊202','before':30}]1233
2021-04-22 15:55
2021-04-20 19:00
<class 'str'>
accept a connect
[{'user':'1024979076','start':'2021-04-30 8:00','end':'2021-04-30 9:35','thing':'人工智能','note':'课表提醒','location':'南教301','before':30},{'user':'1024979076','start':'2021-04-27 8:00','end':'2021-04-27 9:35','thing':'人工智能','note':'课表提醒','location':'南教301','before':30},{'user':'1024979076','start':'2021-04-29 8:00','end':'2021-04-29 9:35','thing':'大学英语(4-4)','note':'课表提醒','location':'综合楼A506','before':30},{'user':'1024979076','start':'2021-04-28 9:55','end':'2021-04-28 12:20','thing':'数据结构与算法','note':'课表提醒','location':'西环102','before':30},{'user':'1024979076','start':'2021-04-27 9:55','end':'2021-04-27 12:20','thing':'毛泽东思想和中国特色社会主义理论体系概论','note':'课表提醒','location':'南教213','before':30}]
[{'user':'1024979076','start':'2021-04-30 8:00','end':'2021-04-30 9:35','thing':'人工智能','note':'课表提醒','location':'南教301','before':30},{'user':'1024979076','start':'2021-04-27 8:00','end':'2021-04-27 9:35','thing':'人工智能','note':'课表提醒','location':'南教301','before':30},{'user':'1024979076','start':'2021-04-29 8:00','end':'2021-04-29 9:35','thing':'大学英语(4-4)','note':'课表提醒','location':'综合楼A506','before':30},{'user':'1024979076','start':'2021-04-28 9:55','end':'2021-04-28 12:20','thing':'数据结构与算法','note':'课表提醒','location':'西环102','before':30},{'user':'1024979076','start':'2021-04-27 9:55','end':'2021-04-27 12:20','thing':'毛泽东思想和中国特色社会主义理论体系概论','note':'课表提醒','location':'南教213','before':30}]1233
2021-04-30 8:00
2021-04-27 8:00
2021-04-29 8:00
2021-04-28 9:55
2021-04-27 9:55
<class 'str'>
accept a connect
[{'user':'1024979076','start':'2021-04-29 9:55','end':'2021-04-29 12:20','thing':'毛泽东思想和中国特色社会主义理论体系概论','note':'课表提醒','location':'南教213','before':30},{'user':'1024979076','start':'2021-05-01 14:00','end':'2021-05-01 15:35','thing':'EDA设计基础','note':'课表提醒','location':'文理楼102工程计算实验室','before':30},{'user':'1024979076','start':'2021-04-27 14:00','end':'2021-04-27 15:35','thing':'体育(4-4)','note':'课表提醒','location':'体育场2','before':30},{'user':'1024979076','start':'2021-04-30 14:00','end':'2021-04-30 15:35','thing':'中国近现代史纲要','note':'课表提醒','location':'南教302','before':30}]
[{'user':'1024979076','start':'2021-04-29 9:55','end':'2021-04-29 12:20','thing':'毛泽东思想和中国特色社会主义理论体系概论','note':'课表提醒','location':'南教213','before':30},{'user':'1024979076','start':'2021-05-01 14:00','end':'2021-05-01 15:35','thing':'EDA设计基础','note':'课表提醒','location':'文理楼102工程计算实验室','before':30},{'user':'1024979076','start':'2021-04-27 14:00','end':'2021-04-27 15:35','thing':'体育(4-4)','note':'课表提醒','location':'体育场2','before':30},{'user':'1024979076','start':'2021-04-30 14:00','end':'2021-04-30 15:35','thing':'中国近现代史纲要','note':'课表提醒','location':'南教302','before':30}]1233
2021-04-29 9:55
2021-05-01 14:00
2021-04-27 14:00
2021-04-30 14:00
<class 'str'>
accept a connect
[{'user':'1024979076','start':'2021-04-27 15:55','end':'2021-04-27 17:30','thing':'EDA设计基础','note':'课表提醒','location':'南教204','before':30},{'user':'1024979076','start':'2021-04-29 15:55','end':'2021-04-29 17:30','thing':'EDA设计基础','note':'课表提醒','location':'南教204','before':30},{'user':'1024979076','start':'2021-04-30 19:00','end':'2021-04-30 20:35','thing':'数据结构与算法','note':'课表提醒','location':'西环102','before':30},{'user':'1024979076','start':'2021-04-27 19:00','end':'2021-04-27 20:35','thing':'中国近现代史纲要','note':'课表提醒','location':'西廊202','before':30}]
[{'user':'1024979076','start':'2021-04-27 15:55','end':'2021-04-27 17:30','thing':'EDA设计基础','note':'课表提醒','location':'南教204','before':30},{'user':'1024979076','start':'2021-04-29 15:55','end':'2021-04-29 17:30','thing':'EDA设计基础','note':'课表提醒','location':'南教204','before':30},{'user':'1024979076','start':'2021-04-30 19:00','end':'2021-04-30 20:35','thing':'数据结构与算法','note':'课表提醒','location':'西环102','before':30},{'user':'1024979076','start':'2021-04-27 19:00','end':'2021-04-27 20:35','thing':'中国近现代史纲要','note':'课表提醒','location':'西廊202','before':30}]1233
2021-04-27 15:55
2021-04-29 15:55
2021-04-30 19:00
2021-04-27 19:00
<class 'str'>
accept a connect
[]
[]1233
<class 'str'>
accept a connect
[{'user':'1024979076','start':'2021-05-07 8:00','end':'2021-05-07 9:35','thing':'人工智能','note':'课表提醒','location':'南教301','before':30},{'user':'1024979076','start':'2021-05-04 8:00','end':'2021-05-04 9:35','thing':'人工智能','note':'课表提醒','location':'南教301','before':30},{'user':'1024979076','start':'2021-05-06 8:00','end':'2021-05-06 9:35','thing':'大学英语(4-4)','note':'课表提醒','location':'综合楼A506','before':30},{'user':'1024979076','start':'2021-05-06 9:55','end':'2021-05-06 12:20','thing':'毛泽东思想和中国特色社会主义理论体系概论','note':'课表提醒','location':'南教213','before':30},{'user':'1024979076','start':'2021-05-05 9:55','end':'2021-05-05 12:20','thing':'数据结构与算法','note':'课表提醒','location':'西环102','before':30}]
[{'user':'1024979076','start':'2021-05-07 8:00','end':'2021-05-07 9:35','thing':'人工智能','note':'课表提醒','location':'南教301','before':30},{'user':'1024979076','start':'2021-05-04 8:00','end':'2021-05-04 9:35','thing':'人工智能','note':'课表提醒','location':'南教301','before':30},{'user':'1024979076','start':'2021-05-06 8:00','end':'2021-05-06 9:35','thing':'大学英语(4-4)','note':'课表提醒','location':'综合楼A506','before':30},{'user':'1024979076','start':'2021-05-06 9:55','end':'2021-05-06 12:20','thing':'毛泽东思想和中国特色社会主义理论体系概论','note':'课表提醒','location':'南教213','before':30},{'user':'1024979076','start':'2021-05-05 9:55','end':'2021-05-05 12:20','thing':'数据结构与算法','note':'课表提醒','location':'西环102','before':30}]1233
2021-05-07 8:00
2021-05-04 8:00
2021-05-06 8:00
2021-05-06 9:55
2021-05-05 9:55
<class 'str'>
accept a connect
[{'user':'1024979076','start':'2021-05-04 9:55','end':'2021-05-04 12:20','thing':'毛泽东思想和中国特色社会主义理论体系概论','note':'课表提醒','location':'南教213','before':30},{'user':'1024979076','start':'2021-05-04 14:00','end':'2021-05-04 15:35','thing':'体育(4-4)','note':'课表提醒','location':'体育场2','before':30},{'user':'1024979076','start':'2021-05-07 14:00','end':'2021-05-07 15:35','thing':'中国近现代史纲要','note':'课表提醒','location':'南教302','before':30},{'user':'1024979076','start':'2021-05-03 14:00','end':'2021-05-03 15:35','thing':'大学英语(4-4)','note':'课表提醒','location':'综合楼A506','before':30}]
[{'user':'1024979076','start':'2021-05-04 9:55','end':'2021-05-04 12:20','thing':'毛泽东思想和中国特色社会主义理论体系概论','note':'课表提醒','location':'南教213','before':30},{'user':'1024979076','start':'2021-05-04 14:00','end':'2021-05-04 15:35','thing':'体育(4-4)','note':'课表提醒','location':'体育场2','before':30},{'user':'1024979076','start':'2021-05-07 14:00','end':'2021-05-07 15:35','thing':'中国近现代史纲要','note':'课表提醒','location':'南教302','before':30},{'user':'1024979076','start':'2021-05-03 14:00','end':'2021-05-03 15:35','thing':'大学英语(4-4)','note':'课表提醒','location':'综合楼A506','before':30}]1233
2021-05-04 9:55
2021-05-04 14:00
2021-05-07 14:00
2021-05-03 14:00
<class 'str'>
accept a connect
[{'user':'1024979076','start':'2021-05-08 14:00','end':'2021-05-08 15:35','thing':'EDA设计基础','note':'课表提醒','location':'文理楼102工程计算实验室','before':30},{'user':'1024979076','start':'2021-05-04 15:55','end':'2021-05-04 17:30','thing':'EDA设计基础','note':'课表提醒','location':'南教204','before':30},{'user':'1024979076','start':'2021-05-07 19:00','end':'2021-05-07 20:35','thing':'数据结构与算法','note':'课表提醒','location':'西环102','before':30},{'user':'1024979076','start':'2021-05-04 19:00','end':'2021-05-04 20:35','thing':'中国近现代史纲要','note':'课表提醒','location':'西廊202','before':30}]
[{'user':'1024979076','start':'2021-05-08 14:00','end':'2021-05-08 15:35','thing':'EDA设计基础','note':'课表提醒','location':'文理楼102工程计算实验室','before':30},{'user':'1024979076','start':'2021-05-04 15:55','end':'2021-05-04 17:30','thing':'EDA设计基础','note':'课表提醒','location':'南教204','before':30},{'user':'1024979076','start':'2021-05-07 19:00','end':'2021-05-07 20:35','thing':'数据结构与算法','note':'课表提醒','location':'西环102','before':30},{'user':'1024979076','start':'2021-05-04 19:00','end':'2021-05-04 20:35','thing':'中国近现代史纲要','note':'课表提醒','location':'西廊202','before':30}]1233
2021-05-08 14:00
2021-05-04 15:55
2021-05-07 19:00
2021-05-04 19:00
<class 'str'>
accept a connect
[{'user':'1024979076','start':'2021-05-06 19:00','end':'2021-05-06 20:35','thing':'数据结构与算法','note':'课表提醒','location':'文理楼109英语语音室','before':30}]
[{'user':'1024979076','start':'2021-05-06 19:00','end':'2021-05-06 20:35','thing':'数据结构与算法','note':'课表提醒','location':'文理楼109英语语音室','before':30}]1233
2021-05-06 19:00
<class 'str'>
accept a connect
[{'user':'1024979076','start':'2021-05-11 8:00','end':'2021-05-11 9:35','thing':'人工智能','note':'课表提醒','location':'南教301','before':30},{'user':'1024979076','start':'2021-05-13 8:00','end':'2021-05-13 9:35','thing':'大学英语(4-4)','note':'课表提醒','location':'综合楼A506','before':30},{'user':'1024979076','start':'2021-05-14 8:00','end':'2021-05-14 9:35','thing':'人工智能','note':'课表提醒','location':'南教301','before':30},{'user':'1024979076','start':'2021-05-11 9:55','end':'2021-05-11 12:20','thing':'毛泽东思想和中国特色社会主义理论体系概论','note':'课表提醒','location':'南教213','before':30},{'user':'1024979076','start':'2021-05-12 9:55','end':'2021-05-12 12:20','thing':'数据结构与算法','note':'课表提醒','location':'西环102','before':30}]
[{'user':'1024979076','start':'2021-05-11 8:00','end':'2021-05-11 9:35','thing':'人工智能','note':'课表提醒','location':'南教301','before':30},{'user':'1024979076','start':'2021-05-13 8:00','end':'2021-05-13 9:35','thing':'大学英语(4-4)','note':'课表提醒','location':'综合楼A506','before':30},{'user':'1024979076','start':'2021-05-14 8:00','end':'2021-05-14 9:35','thing':'人工智能','note':'课表提醒','location':'南教301','before':30},{'user':'1024979076','start':'2021-05-11 9:55','end':'2021-05-11 12:20','thing':'毛泽东思想和中国特色社会主义理论体系概论','note':'课表提醒','location':'南教213','before':30},{'user':'1024979076','start':'2021-05-12 9:55','end':'2021-05-12 12:20','thing':'数据结构与算法','note':'课表提醒','location':'西环102','before':30}]1233
2021-05-11 8:00
2021-05-13 8:00
2021-05-14 8:00
2021-05-11 9:55
2021-05-12 9:55
<class 'str'>
accept a connect
[{'user':'1024979076','start':'2021-05-13 9:55','end':'2021-05-13 12:20','thing':'毛泽东思想和中国特色社会主义理论体系概论','note':'课表提醒','location':'南教213','before':30},{'user':'1024979076','start':'2021-05-11 14:00','end':'2021-05-11 15:35','thing':'体育(4-4)','note':'课表提醒','location':'体育场2','before':30},{'user':'1024979076','start':'2021-05-14 14:00','end':'2021-05-14 15:35','thing':'中国近现代史纲要','note':'课表提醒','location':'南教302','before':30},{'user':'1024979076','start':'2021-05-15 14:00','end':'2021-05-15 15:35','thing':'EDA设计基础','note':'课表提醒','location':'文理楼102工程计算实验室','before':30}]
[{'user':'1024979076','start':'2021-05-13 9:55','end':'2021-05-13 12:20','thing':'毛泽东思想和中国特色社会主义理论体系概论','note':'课表提醒','location':'南教213','before':30},{'user':'1024979076','start':'2021-05-11 14:00','end':'2021-05-11 15:35','thing':'体育(4-4)','note':'课表提醒','location':'体育场2','before':30},{'user':'1024979076','start':'2021-05-14 14:00','end':'2021-05-14 15:35','thing':'中国近现代史纲要','note':'课表提醒','location':'南教302','before':30},{'user':'1024979076','start':'2021-05-15 14:00','end':'2021-05-15 15:35','thing':'EDA设计基础','note':'课表提醒','location':'文理楼102工程计算实验室','before':30}]1233
2021-05-13 9:55
2021-05-11 14:00
2021-05-14 14:00
2021-05-15 14:00
<class 'str'>
accept a connect
[{'user':'1024979076','start':'2021-05-13 15:55','end':'2021-05-13 17:30','thing':'EDA设计基础','note':'课表提醒','location':'文理楼102工程计算实验室','before':30},{'user':'1024979076','start':'2021-05-11 19:00','end':'2021-05-11 20:35','thing':'中国近现代史纲要','note':'课表提醒','location':'西廊202','before':30},{'user':'1024979076','start':'2021-05-14 19:00','end':'2021-05-14 20:35','thing':'数据结构与算法','note':'课表提醒','location':'西环102','before':30}]
[{'user':'1024979076','start':'2021-05-13 15:55','end':'2021-05-13 17:30','thing':'EDA设计基础','note':'课表提醒','location':'文理楼102工程计算实验室','before':30},{'user':'1024979076','start':'2021-05-11 19:00','end':'2021-05-11 20:35','thing':'中国近现代史纲要','note':'课表提醒','location':'西廊202','before':30},{'user':'1024979076','start':'2021-05-14 19:00','end':'2021-05-14 20:35','thing':'数据结构与算法','note':'课表提醒','location':'西环102','before':30}]1233
2021-05-13 15:55
2021-05-11 19:00
2021-05-14 19:00
<class 'str'>
accept a connect
[{'user':'1024979076','start':'2021-05-21 8:00','end':'2021-05-21 9:35','thing':'人工智能','note':'课表提醒','location':'南教301','before':30},{'user':'1024979076','start':'2021-05-18 8:00','end':'2021-05-18 9:35','thing':'人工智能','note':'课表提醒','location':'南教301','before':30},{'user':'1024979076','start':'2021-05-20 8:00','end':'2021-05-20 9:35','thing':'大学英语(4-4)','note':'课表提醒','location':'综合楼A506','before':30},{'user':'1024979076','start':'2021-05-18 9:55','end':'2021-05-18 12:20','thing':'毛泽东思想和中国特色社会主义理论体系概论','note':'课表提醒','location':'南教213','before':30},{'user':'1024979076','start':'2021-05-20 9:55','end':'2021-05-20 12:20','thing':'毛泽东思想和中国特色社会主义理论体系概论','note':'课表提醒','location':'南教213','before':30}]
[{'user':'1024979076','start':'2021-05-21 8:00','end':'2021-05-21 9:35','thing':'人工智能','note':'课表提醒','location':'南教301','before':30},{'user':'1024979076','start':'2021-05-18 8:00','end':'2021-05-18 9:35','thing':'人工智能','note':'课表提醒','location':'南教301','before':30},{'user':'1024979076','start':'2021-05-20 8:00','end':'2021-05-20 9:35','thing':'大学英语(4-4)','note':'课表提醒','location':'综合楼A506','before':30},{'user':'1024979076','start':'2021-05-18 9:55','end':'2021-05-18 12:20','thing':'毛泽东思想和中国特色社会主义理论体系概论','note':'课表提醒','location':'南教213','before':30},{'user':'1024979076','start':'2021-05-20 9:55','end':'2021-05-20 12:20','thing':'毛泽东思想和中国特色社会主义理论体系概论','note':'课表提醒','location':'南教213','before':30}]1233
2021-05-21 8:00
2021-05-18 8:00
2021-05-20 8:00
2021-05-18 9:55
2021-05-20 9:55
<class 'str'>
accept a connect
[{'user':'1024979076','start':'2021-05-19 9:55','end':'2021-05-19 12:20','thing':'数据结构与算法','note':'课表提醒','location':'西环102','before':30},{'user':'1024979076','start':'2021-05-18 14:00','end':'2021-05-18 15:35','thing':'体育(4-4)','note':'课表提醒','location':'体育场2','before':30},{'user':'1024979076','start':'2021-05-22 14:00','end':'2021-05-22 15:35','thing':'EDA设计基础','note':'课表提醒','location':'文理楼102工程计算实验室','before':30},{'user':'1024979076','start':'2021-05-21 14:00','end':'2021-05-21 15:35','thing':'中国近现代史纲要','note':'课表提醒','location':'南教302','before':30}]
[{'user':'1024979076','start':'2021-05-19 9:55','end':'2021-05-19 12:20','thing':'数据结构与算法','note':'课表提醒','location':'西环102','before':30},{'user':'1024979076','start':'2021-05-18 14:00','end':'2021-05-18 15:35','thing':'体育(4-4)','note':'课表提醒','location':'体育场2','before':30},{'user':'1024979076','start':'2021-05-22 14:00','end':'2021-05-22 15:35','thing':'EDA设计基础','note':'课表提醒','location':'文理楼102工程计算实验室','before':30},{'user':'1024979076','start':'2021-05-21 14:00','end':'2021-05-21 15:35','thing':'中国近现代史纲要','note':'课表提醒','location':'南教302','before':30}]1233
2021-05-19 9:55
2021-05-18 14:00
2021-05-22 14:00
2021-05-21 14:00
<class 'str'>
accept a connect
[{'user':'1024979076','start':'2021-05-17 14:00','end':'2021-05-17 15:35','thing':'大学英语(4-4)','note':'课表提醒','location':'综合楼A506','before':30},{'user':'1024979076','start':'2021-05-20 15:55','end':'2021-05-20 17:30','thing':'EDA设计基础','note':'课表提醒','location':'文理楼102工程计算实验室','before':30},{'user':'1024979076','start':'2021-05-21 19:00','end':'2021-05-21 20:35','thing':'数据结构与算法','note':'课表提醒','location':'西环102','before':30},{'user':'1024979076','start':'2021-05-20 19:00','end':'2021-05-20 20:35','thing':'数据结构与算法','note':'课表提醒','location':'文理楼109英语语音室','before':30}]
[{'user':'1024979076','start':'2021-05-17 14:00','end':'2021-05-17 15:35','thing':'大学英语(4-4)','note':'课表提醒','location':'综合楼A506','before':30},{'user':'1024979076','start':'2021-05-20 15:55','end':'2021-05-20 17:30','thing':'EDA设计基础','note':'课表提醒','location':'文理楼102工程计算实验室','before':30},{'user':'1024979076','start':'2021-05-21 19:00','end':'2021-05-21 20:35','thing':'数据结构与算法','note':'课表提醒','location':'西环102','before':30},{'user':'1024979076','start':'2021-05-20 19:00','end':'2021-05-20 20:35','thing':'数据结构与算法','note':'课表提醒','location':'文理楼109英语语音室','before':30}]1233
2021-05-17 14:00
2021-05-20 15:55
2021-05-21 19:00
2021-05-20 19:00
<class 'str'>
accept a connect
[{'user':'1024979076','start':'2021-05-18 19:00','end':'2021-05-18 20:35','thing':'中国近现代史纲要','note':'课表提醒','location':'西廊202','before':30}]
[{'user':'1024979076','start':'2021-05-18 19:00','end':'2021-05-18 20:35','thing':'中国近现代史纲要','note':'课表提醒','location':'西廊202','before':30}]1233
2021-05-18 19:00
<class 'str'>
accept a connect
[{'user':'1024979076','start':'2021-05-25 8:00','end':'2021-05-25 9:35','thing':'人工智能','note':'课表提醒','location':'南教301','before':30},{'user':'1024979076','start':'2021-05-28 8:00','end':'2021-05-28 9:35','thing':'人工智能','note':'课表提醒','location':'南教301','before':30},{'user':'1024979076','start':'2021-05-27 8:00','end':'2021-05-27 9:35','thing':'大学英语(4-4)','note':'课表提醒','location':'综合楼A506','before':30},{'user':'1024979076','start':'2021-05-25 9:55','end':'2021-05-25 12:20','thing':'毛泽东思想和中国特色社会主义理论体系概论','note':'课表提醒','location':'南教213','before':30},{'user':'1024979076','start':'2021-05-26 9:55','end':'2021-05-26 12:20','thing':'数据结构与算法','note':'课表提醒','location':'西环102','before':30}]
[{'user':'1024979076','start':'2021-05-25 8:00','end':'2021-05-25 9:35','thing':'人工智能','note':'课表提醒','location':'南教301','before':30},{'user':'1024979076','start':'2021-05-28 8:00','end':'2021-05-28 9:35','thing':'人工智能','note':'课表提醒','location':'南教301','before':30},{'user':'1024979076','start':'2021-05-27 8:00','end':'2021-05-27 9:35','thing':'大学英语(4-4)','note':'课表提醒','location':'综合楼A506','before':30},{'user':'1024979076','start':'2021-05-25 9:55','end':'2021-05-25 12:20','thing':'毛泽东思想和中国特色社会主义理论体系概论','note':'课表提醒','location':'南教213','before':30},{'user':'1024979076','start':'2021-05-26 9:55','end':'2021-05-26 12:20','thing':'数据结构与算法','note':'课表提醒','location':'西环102','before':30}]1233
2021-05-25 8:00
2021-05-28 8:00
2021-05-27 8:00
2021-05-25 9:55
2021-05-26 9:55
<class 'str'>
accept a connect
[{'user':'1024979076','start':'2021-05-27 9:55','end':'2021-05-27 12:20','thing':'毛泽东思想和中国特色社会主义理论体系概论','note':'课表提醒','location':'南教213','before':30},{'user':'1024979076','start':'2021-05-25 14:00','end':'2021-05-25 15:35','thing':'体育(4-4)','note':'课表提醒','location':'体育场2','before':30},{'user':'1024979076','start':'2021-05-29 14:00','end':'2021-05-29 15:35','thing':'EDA设计基础','note':'课表提醒','location':'文理楼102工程计算实验室','before':30},{'user':'1024979076','start':'2021-05-28 14:00','end':'2021-05-28 15:35','thing':'中国近现代史纲要','note':'课表提醒','location':'南教302','before':30}]
[{'user':'1024979076','start':'2021-05-27 9:55','end':'2021-05-27 12:20','thing':'毛泽东思想和中国特色社会主义理论体系概论','note':'课表提醒','location':'南教213','before':30},{'user':'1024979076','start':'2021-05-25 14:00','end':'2021-05-25 15:35','thing':'体育(4-4)','note':'课表提醒','location':'体育场2','before':30},{'user':'1024979076','start':'2021-05-29 14:00','end':'2021-05-29 15:35','thing':'EDA设计基础','note':'课表提醒','location':'文理楼102工程计算实验室','before':30},{'user':'1024979076','start':'2021-05-28 14:00','end':'2021-05-28 15:35','thing':'中国近现代史纲要','note':'课表提醒','location':'南教302','before':30}]1233
2021-05-27 9:55
2021-05-25 14:00
2021-05-29 14:00
2021-05-28 14:00
<class 'str'>
accept a connect
[{'user':'1024979076','start':'2021-05-24 15:55','end':'2021-05-24 17:30','thing':'形势与政策','note':'课表提醒','location':'南教207','before':30},{'user':'1024979076','start':'2021-05-26 15:55','end':'2021-05-26 17:30','thing':'形势与政策','note':'课表提醒','location':'南教105','before':30},{'user':'1024979076','start':'2021-05-27 15:55','end':'2021-05-27 17:30','thing':'EDA设计基础','note':'课表提醒','location':'文理楼102工程计算实验室','before':30},{'user':'1024979076','start':'2021-05-25 19:00','end':'2021-05-25 20:35','thing':'中国近现代史纲要','note':'课表提醒','location':'西廊202','before':30}]
[{'user':'1024979076','start':'2021-05-24 15:55','end':'2021-05-24 17:30','thing':'形势与政策','note':'课表提醒','location':'南教207','before':30},{'user':'1024979076','start':'2021-05-26 15:55','end':'2021-05-26 17:30','thing':'形势与政策','note':'课表提醒','location':'南教105','before':30},{'user':'1024979076','start':'2021-05-27 15:55','end':'2021-05-27 17:30','thing':'EDA设计基础','note':'课表提醒','location':'文理楼102工程计算实验室','before':30},{'user':'1024979076','start':'2021-05-25 19:00','end':'2021-05-25 20:35','thing':'中国近现代史纲要','note':'课表提醒','location':'西廊202','before':30}]1233
2021-05-24 15:55
2021-05-26 15:55
2021-05-27 15:55
2021-05-25 19:00
<class 'str'>
accept a connect
[{'user':'1024979076','start':'2021-05-28 19:00','end':'2021-05-28 20:35','thing':'数据结构与算法','note':'课表提醒','location':'西环102','before':30}]
[{'user':'1024979076','start':'2021-05-28 19:00','end':'2021-05-28 20:35','thing':'数据结构与算法','note':'课表提醒','location':'西环102','before':30}]1233
2021-05-28 19:00
<class 'str'>
accept a connect
[{'user':'1024979076','start':'2021-06-04 8:00','end':'2021-06-04 9:35','thing':'人工智能','note':'课表提醒','location':'南教301','before':30},{'user':'1024979076','start':'2021-06-01 8:00','end':'2021-06-01 9:35','thing':'人工智能','note':'课表提醒','location':'南教301','before':30},{'user':'1024979076','start':'2021-06-03 8:00','end':'2021-06-03 9:35','thing':'大学英语(4-4)','note':'课表提醒','location':'综合楼A506','before':30},{'user':'1024979076','start':'2021-06-02 9:55','end':'2021-06-02 12:20','thing':'数据结构与算法','note':'课表提醒','location':'西环102','before':30},{'user':'1024979076','start':'2021-06-03 9:55','end':'2021-06-03 12:20','thing':'毛泽东思想和中国特色社会主义理论体系概论','note':'课表提醒','location':'南教213','before':30}]
[{'user':'1024979076','start':'2021-06-04 8:00','end':'2021-06-04 9:35','thing':'人工智能','note':'课表提醒','location':'南教301','before':30},{'user':'1024979076','start':'2021-06-01 8:00','end':'2021-06-01 9:35','thing':'人工智能','note':'课表提醒','location':'南教301','before':30},{'user':'1024979076','start':'2021-06-03 8:00','end':'2021-06-03 9:35','thing':'大学英语(4-4)','note':'课表提醒','location':'综合楼A506','before':30},{'user':'1024979076','start':'2021-06-02 9:55','end':'2021-06-02 12:20','thing':'数据结构与算法','note':'课表提醒','location':'西环102','before':30},{'user':'1024979076','start':'2021-06-03 9:55','end':'2021-06-03 12:20','thing':'毛泽东思想和中国特色社会主义理论体系概论','note':'课表提醒','location':'南教213','before':30}]1233
2021-06-04 8:00
2021-06-01 8:00
2021-06-03 8:00
2021-06-02 9:55
2021-06-03 9:55
<class 'str'>
accept a connect
[{'user':'1024979076','start':'2021-06-01 9:55','end':'2021-06-01 12:20','thing':'毛泽东思想和中国特色社会主义理论体系概论','note':'课表提醒','location':'南教213','before':30},{'user':'1024979076','start':'2021-06-01 14:00','end':'2021-06-01 15:35','thing':'体育(4-4)','note':'课表提醒','location':'体育场2','before':30},{'user':'1024979076','start':'2021-06-04 14:00','end':'2021-06-04 15:35','thing':'中国近现代史纲要','note':'课表提醒','location':'南教302','before':30},{'user':'1024979076','start':'2021-05-31 14:00','end':'2021-05-31 15:35','thing':'大学英语(4-4)','note':'课表提醒','location':'综合楼A506','before':30}]
[{'user':'1024979076','start':'2021-06-01 9:55','end':'2021-06-01 12:20','thing':'毛泽东思想和中国特色社会主义理论体系概论','note':'课表提醒','location':'南教213','before':30},{'user':'1024979076','start':'2021-06-01 14:00','end':'2021-06-01 15:35','thing':'体育(4-4)','note':'课表提醒','location':'体育场2','before':30},{'user':'1024979076','start':'2021-06-04 14:00','end':'2021-06-04 15:35','thing':'中国近现代史纲要','note':'课表提醒','location':'南教302','before':30},{'user':'1024979076','start':'2021-05-31 14:00','end':'2021-05-31 15:35','thing':'大学英语(4-4)','note':'课表提醒','location':'综合楼A506','before':30}]1233
2021-06-01 9:55
2021-06-01 14:00
2021-06-04 14:00
2021-05-31 14:00
<class 'str'>
accept a connect
[{'user':'1024979076','start':'2021-05-31 15:55','end':'2021-05-31 17:30','thing':'形势与政策','note':'课表提醒','location':'南教207','before':30},{'user':'1024979076','start':'2021-06-02 15:55','end':'2021-06-02 17:30','thing':'形势与政策','note':'课表提醒','location':'南教105','before':30},{'user':'1024979076','start':'2021-06-01 19:00','end':'2021-06-01 20:35','thing':'中国近现代史纲要','note':'课表提醒','location':'西廊202','before':30},{'user':'1024979076','start':'2021-06-04 19:00','end':'2021-06-04 20:35','thing':'数据结构与算法','note':'课表提醒','location':'西环102','before':30}]
[{'user':'1024979076','start':'2021-05-31 15:55','end':'2021-05-31 17:30','thing':'形势与政策','note':'课表提醒','location':'南教207','before':30},{'user':'1024979076','start':'2021-06-02 15:55','end':'2021-06-02 17:30','thing':'形势与政策','note':'课表提醒','location':'南教105','before':30},{'user':'1024979076','start':'2021-06-01 19:00','end':'2021-06-01 20:35','thing':'中国近现代史纲要','note':'课表提醒','location':'西廊202','before':30},{'user':'1024979076','start':'2021-06-04 19:00','end':'2021-06-04 20:35','thing':'数据结构与算法','note':'课表提醒','location':'西环102','before':30}]1233
2021-05-31 15:55
2021-06-02 15:55
2021-06-01 19:00
2021-06-04 19:00
<class 'str'>
accept a connect
[{'user':'1024979076','start':'2021-06-03 19:00','end':'2021-06-03 20:35','thing':'数据结构与算法','note':'课表提醒','location':'文理楼109英语语音室','before':30}]
[{'user':'1024979076','start':'2021-06-03 19:00','end':'2021-06-03 20:35','thing':'数据结构与算法','note':'课表提醒','location':'文理楼109英语语音室','before':30}]1233
2021-06-03 19:00
<class 'str'>
accept a connect
[{'user':'1024979076','start':'2021-06-11 8:00','end':'2021-06-11 9:35','thing':'人工智能','note':'课表提醒','location':'南教301','before':30},{'user':'1024979076','start':'2021-06-08 8:00','end':'2021-06-08 9:35','thing':'人工智能','note':'课表提醒','location':'南教301','before':30},{'user':'1024979076','start':'2021-06-10 8:00','end':'2021-06-10 9:35','thing':'大学英语(4-4)','note':'课表提醒','location':'综合楼A506','before':30},{'user':'1024979076','start':'2021-06-08 9:55','end':'2021-06-08 12:20','thing':'毛泽东思想和中国特色社会主义理论体系概论','note':'课表提醒','location':'南教213','before':30},{'user':'1024979076','start':'2021-06-10 9:55','end':'2021-06-10 12:20','thing':'毛泽东思想和中国特色社会主义理论体系概论','note':'课表提醒','location':'南教213','before':30}]
[{'user':'1024979076','start':'2021-06-11 8:00','end':'2021-06-11 9:35','thing':'人工智能','note':'课表提醒','location':'南教301','before':30},{'user':'1024979076','start':'2021-06-08 8:00','end':'2021-06-08 9:35','thing':'人工智能','note':'课表提醒','location':'南教301','before':30},{'user':'1024979076','start':'2021-06-10 8:00','end':'2021-06-10 9:35','thing':'大学英语(4-4)','note':'课表提醒','location':'综合楼A506','before':30},{'user':'1024979076','start':'2021-06-08 9:55','end':'2021-06-08 12:20','thing':'毛泽东思想和中国特色社会主义理论体系概论','note':'课表提醒','location':'南教213','before':30},{'user':'1024979076','start':'2021-06-10 9:55','end':'2021-06-10 12:20','thing':'毛泽东思想和中国特色社会主义理论体系概论','note':'课表提醒','location':'南教213','before':30}]1233
2021-06-11 8:00
2021-06-08 8:00
2021-06-10 8:00
2021-06-08 9:55
2021-06-10 9:55
<class 'str'>
accept a connect
[{'user':'1024979076','start':'2021-06-09 9:55','end':'2021-06-09 12:20','thing':'数据结构与算法','note':'课表提醒','location':'西环102','before':30},{'user':'1024979076','start':'2021-06-08 14:00','end':'2021-06-08 15:35','thing':'体育(4-4)','note':'课表提醒','location':'体育场2','before':30},{'user':'1024979076','start':'2021-06-11 14:00','end':'2021-06-11 15:35','thing':'中国近现代史纲要','note':'课表提醒','location':'南教302','before':30},{'user':'1024979076','start':'2021-06-09 15:55','end':'2021-06-09 17:30','thing':'形势与政策','note':'课表提醒','location':'南教303','before':30}]
[{'user':'1024979076','start':'2021-06-09 9:55','end':'2021-06-09 12:20','thing':'数据结构与算法','note':'课表提醒','location':'西环102','before':30},{'user':'1024979076','start':'2021-06-08 14:00','end':'2021-06-08 15:35','thing':'体育(4-4)','note':'课表提醒','location':'体育场2','before':30},{'user':'1024979076','start':'2021-06-11 14:00','end':'2021-06-11 15:35','thing':'中国近现代史纲要','note':'课表提醒','location':'南教302','before':30},{'user':'1024979076','start':'2021-06-09 15:55','end':'2021-06-09 17:30','thing':'形势与政策','note':'课表提醒','location':'南教303','before':30}]1233
2021-06-09 9:55
2021-06-08 14:00
2021-06-11 14:00
2021-06-09 15:55
<class 'str'>
accept a connect
[{'user':'1024979076','start':'2021-06-07 15:55','end':'2021-06-07 17:30','thing':'形势与政策','note':'课表提醒','location':'南教107','before':30},{'user':'1024979076','start':'2021-06-08 19:00','end':'2021-06-08 20:35','thing':'中国近现代史纲要','note':'课表提醒','location':'西廊202','before':30},{'user':'1024979076','start':'2021-06-11 19:00','end':'2021-06-11 20:35','thing':'数据结构与算法','note':'课表提醒','location':'西环102','before':30}]
[{'user':'1024979076','start':'2021-06-07 15:55','end':'2021-06-07 17:30','thing':'形势与政策','note':'课表提醒','location':'南教107','before':30},{'user':'1024979076','start':'2021-06-08 19:00','end':'2021-06-08 20:35','thing':'中国近现代史纲要','note':'课表提醒','location':'西廊202','before':30},{'user':'1024979076','start':'2021-06-11 19:00','end':'2021-06-11 20:35','thing':'数据结构与算法','note':'课表提醒','location':'西环102','before':30}]1233
2021-06-07 15:55
2021-06-08 19:00
2021-06-11 19:00
<class 'str'>
accept a connect
[{'user':'1024979076','start':'2021-06-18 8:00','end':'2021-06-18 9:35','thing':'人工智能','note':'课表提醒','location':'南教301','before':30},{'user':'1024979076','start':'2021-06-15 8:00','end':'2021-06-15 9:35','thing':'人工智能','note':'课表提醒','location':'南教301','before':30},{'user':'1024979076','start':'2021-06-17 8:00','end':'2021-06-17 9:35','thing':'大学英语(4-4)','note':'课表提醒','location':'综合楼A506','before':30},{'user':'1024979076','start':'2021-06-17 9:55','end':'2021-06-17 12:20','thing':'毛泽东思想和中国特色社会主义理论体系概论','note':'课表提醒','location':'南教213','before':30},{'user':'1024979076','start':'2021-06-15 9:55','end':'2021-06-15 12:20','thing':'毛泽东思想和中国特色社会主义理论体系概论','note':'课表提醒','location':'南教213','before':30}]
[{'user':'1024979076','start':'2021-06-18 8:00','end':'2021-06-18 9:35','thing':'人工智能','note':'课表提醒','location':'南教301','before':30},{'user':'1024979076','start':'2021-06-15 8:00','end':'2021-06-15 9:35','thing':'人工智能','note':'课表提醒','location':'南教301','before':30},{'user':'1024979076','start':'2021-06-17 8:00','end':'2021-06-17 9:35','thing':'大学英语(4-4)','note':'课表提醒','location':'综合楼A506','before':30},{'user':'1024979076','start':'2021-06-17 9:55','end':'2021-06-17 12:20','thing':'毛泽东思想和中国特色社会主义理论体系概论','note':'课表提醒','location':'南教213','before':30},{'user':'1024979076','start':'2021-06-15 9:55','end':'2021-06-15 12:20','thing':'毛泽东思想和中国特色社会主义理论体系概论','note':'课表提醒','location':'南教213','before':30}]1233
2021-06-18 8:00
2021-06-15 8:00
2021-06-17 8:00
2021-06-17 9:55
2021-06-15 9:55
<class 'str'>
accept a connect
[{'user':'1024979076','start':'2021-06-16 9:55','end':'2021-06-16 12:20','thing':'数据结构与算法','note':'课表提醒','location':'西环102','before':30},{'user':'1024979076','start':'2021-06-15 14:00','end':'2021-06-15 15:35','thing':'体育(4-4)','note':'课表提醒','location':'体育场2','before':30},{'user':'1024979076','start':'2021-06-14 14:00','end':'2021-06-14 15:35','thing':'大学英语(4-4)','note':'课表提醒','location':'综合楼A506','before':30},{'user':'1024979076','start':'2021-06-18 14:00','end':'2021-06-18 15:35','thing':'中国近现代史纲要','note':'课表提醒','location':'微101','before':30}]
[{'user':'1024979076','start':'2021-06-16 9:55','end':'2021-06-16 12:20','thing':'数据结构与算法','note':'课表提醒','location':'西环102','before':30},{'user':'1024979076','start':'2021-06-15 14:00','end':'2021-06-15 15:35','thing':'体育(4-4)','note':'课表提醒','location':'体育场2','before':30},{'user':'1024979076','start':'2021-06-14 14:00','end':'2021-06-14 15:35','thing':'大学英语(4-4)','note':'课表提醒','location':'综合楼A506','before':30},{'user':'1024979076','start':'2021-06-18 14:00','end':'2021-06-18 15:35','thing':'中国近现代史纲要','note':'课表提醒','location':'微101','before':30}]1233
2021-06-16 9:55
2021-06-15 14:00
2021-06-14 14:00
2021-06-18 14:00
<class 'str'>
accept a connect
[{'user':'1024979076','start':'2021-06-14 15:55','end':'2021-06-14 17:30','thing':'形势与政策','note':'课表提醒','location':'南教207','before':30},{'user':'1024979076','start':'2021-06-16 15:55','end':'2021-06-16 17:30','thing':'形势与政策','note':'课表提醒','location':'南教204','before':30},{'user':'1024979076','start':'2021-06-15 19:00','end':'2021-06-15 20:35','thing':'中国近现代史纲要','note':'课表提醒','location':'西廊202','before':30},{'user':'1024979076','start':'2021-06-18 19:00','end':'2021-06-18 20:35','thing':'数据结构与算法','note':'课表提醒','location':'西环102','before':30}]
[{'user':'1024979076','start':'2021-06-14 15:55','end':'2021-06-14 17:30','thing':'形势与政策','note':'课表提醒','location':'南教207','before':30},{'user':'1024979076','start':'2021-06-16 15:55','end':'2021-06-16 17:30','thing':'形势与政策','note':'课表提醒','location':'南教204','before':30},{'user':'1024979076','start':'2021-06-15 19:00','end':'2021-06-15 20:35','thing':'中国近现代史纲要','note':'课表提醒','location':'西廊202','before':30},{'user':'1024979076','start':'2021-06-18 19:00','end':'2021-06-18 20:35','thing':'数据结构与算法','note':'课表提醒','location':'西环102','before':30}]1233
2021-06-14 15:55
2021-06-16 15:55
2021-06-15 19:00
2021-06-18 19:00
<class 'str'>
accept a connect
[{'user':'1024979076','start':'2021-06-17 19:00','end':'2021-06-17 20:35','thing':'数据结构与算法','note':'课表提醒','location':'文理楼109英语语音室','before':30}]
[{'user':'1024979076','start':'2021-06-17 19:00','end':'2021-06-17 20:35','thing':'数据结构与算法','note':'课表提醒','location':'文理楼109英语语音室','before':30}]1233
2021-06-17 19:00
<class 'str'>
accept a connect
[{'user':'1024979076','start':'2021-06-24 8:00','end':'2021-06-24 9:35','thing':'大学英语(4-4)','note':'课表提醒','location':'综合楼A506','before':30}]
[{'user':'1024979076','start':'2021-06-24 8:00','end':'2021-06-24 9:35','thing':'大学英语(4-4)','note':'课表提醒','location':'综合楼A506','before':30}]1233
2021-06-24 8:00
<class 'str'>
accept a connect
[]
[]1233
<class 'str'>
close: ('111.36.207.91', 2394)
close: ('111.36.207.91', 2397)
close: ('111.36.207.91', 2399)
close: ('111.36.207.91', 2380)
close: ('111.36.207.91', 2379)
close: ('111.36.207.91', 2382)
close: ('111.36.207.91', 2381)
close: ('111.36.207.91', 2385)
close: ('111.36.207.91', 2383)
close: ('111.36.207.91', 2386)
close: ('111.36.207.91', 2384)
close: ('111.36.207.91', 2387)
close: ('111.36.207.91', 2393)
close: ('111.36.207.91', 2389)
close: ('111.36.207.91', 2390)
close: ('111.36.207.91', 2396)
close: ('111.36.207.91', 2395)
close: ('111.36.207.91', 2391)
close: ('111.36.207.91', 2398)
close: ('111.36.207.91', 2401)
close: ('111.36.207.91', 2404)
close: ('111.36.207.91', 2400)
close: ('111.36.207.91', 2406)
close: ('111.36.207.91', 2405)
close: ('111.36.207.91', 2402)
close: ('111.36.207.91', 2407)
close: ('111.36.207.91', 2408)
close: ('111.36.207.91', 2416)
close: ('111.36.207.91', 2409)
close: ('111.36.207.91', 2410)
close: ('111.36.207.91', 2411)
close: ('111.36.207.91', 2412)
close: ('111.36.207.91', 2413)
close: ('111.36.207.91', 2418)
close: ('111.36.207.91', 2353)
close: ('111.36.207.91', 2414)
close: ('111.36.207.91', 2415)
close: ('111.36.207.91', 2417)
close: ('111.36.207.91', 2419)
close: ('111.36.207.91', 2420)
close: ('111.36.207.91', 2421)
close: ('111.36.207.91', 2422)
close: ('111.36.207.91', 2423)
close: ('111.36.207.91', 2424)
close: ('111.36.207.91', 2425)
close: ('111.36.207.91', 2426)
close: ('111.36.207.91', 2428)
close: ('111.36.207.91', 2429)
close: ('111.36.207.91', 2430)
close: ('111.36.207.91', 2431)
close: ('111.36.207.91', 2432)