nohup: ignoring input
[32m02-12 13:14:16[0m [[1mINFO[0m] [36m[4mnonebot[0m[36m[0m | NoneBot is initializing...
[32m02-12 13:14:16[0m [[1mINFO[0m] [36m[4mnonebot[0m[36m[0m | Current [33m[1mEnv: dev[0m[33m[0m
[32m02-12 13:14:16[0m [[34m[1mDEBUG[0m] [36m[4mnonebot[0m[36m[0m | Loaded [33m[1mConfig[0m[33m[0m: {'driver': 'nonebot.drivers.fastapi', 'host': IPv4Address('0.0.0.0'), 'port': 8080, 'debug': True, 'api_root': {}, 'api_timeout': 30.0, 'access_token': None, 'secret': None, 'superusers': {''}, 'nickname': {'bot', 'awesome'}, 'command_start': {'', '#'}, 'command_sep': {'.'}, 'session_expire_timeout': datetime.timedelta(seconds=120), 'test': True, 'custom_config1': 'config in env file', 'custom_config2': '# 留空则从系统环境变量读取，如不存在则为空字符串', 'environment': 'dev'}
[32m02-12 13:14:16[0m [[34m[1mDEBUG[0m] [36m[4mnonebot[0m[36m[0m | Succeeded to load adapter "[33mcqhttp[0m"
[32m02-12 13:14:16[0m [[1mINFO[0m] [36m[4mnonebot[0m[36m[0m | Succeeded to import "[33mai[0m"
[32m02-12 13:14:16[0m [[1mINFO[0m] [36m[4mnonebot[0m[36m[0m | Succeeded to import "[33mai_100000000[0m"
[32m02-12 13:14:16[0m [[1mINFO[0m] [36m[4mnonebot[0m[36m[0m | Succeeded to import "[33mauto_agree[0m"
[32m02-12 13:14:16[0m [[1mINFO[0m] [36m[4mnonebot[0m[36m[0m | Succeeded to import "[33mbase[0m"
[32m02-12 13:14:16[0m [[1mINFO[0m] [36m[4mnonebot[0m[36m[0m | Succeeded to import "[33mbullshit[0m"
[32m02-12 13:14:16[0m [[1mINFO[0m] [36m[4mnonebot[0m[36m[0m | Succeeded to import "[33mcharacter[0m"
[32m02-12 13:14:16[0m [[1mINFO[0m] [36m[4mnonebot[0m[36m[0m | Succeeded to import "[33mnonebot_plugin_apscheduler[0m"
[32m02-12 13:14:16[0m [[1mINFO[0m] [36m[4mnonebot[0m[36m[0m | Succeeded to import "[33mdaily_hello[0m"
[32m02-12 13:14:16[0m [[1mINFO[0m] [36m[4mnonebot[0m[36m[0m | Succeeded to import "[33mhelpme[0m"
[32m02-12 13:14:16[0m [[1mINFO[0m] [36m[4mnonebot[0m[36m[0m | Succeeded to import "[33mhhsh[0m"
[32m02-12 13:14:16[0m [[1mINFO[0m] [36m[4mnonebot[0m[36m[0m | Succeeded to import "[33mmenu[0m"
[32m02-12 13:14:16[0m [[1mINFO[0m] [36m[4mnonebot[0m[36m[0m | Succeeded to import "[33mqq提醒[0m"
[32m02-12 13:14:16[0m [[1mINFO[0m] [36m[4mnonebot[0m[36m[0m | Succeeded to import "[33mremain[0m"
[32m02-12 13:14:16[0m [[1mINFO[0m] [36m[4mnonebot[0m[36m[0m | Succeeded to import "[33msetu[0m"
[32m02-12 13:14:16[0m [[1mINFO[0m] [36m[4mnonebot[0m[36m[0m | Succeeded to import "[33mzhihu[0m"
[32m02-12 13:14:16[0m [[1mINFO[0m] [36m[4mnonebot_plugin_test[0m[36m[0m | Nonebot test frontend will be running at: [1m[4mhttp://localhost:8080/test/[0m[1m[0m
[32m02-12 13:14:16[0m [[1mINFO[0m] [36m[4mnonebot[0m[36m[0m | Succeeded to import "[33mnonebot_plugin_test[0m"
[32m02-12 13:14:16[0m [[1mINFO[0m] [36m[4mnonebot[0m[36m[0m | Running NoneBot...
[32m02-12 13:14:16[0m [[34m[1mDEBUG[0m] [36m[4mnonebot[0m[36m[0m | [32mLoaded adapters: cqhttp[0m
[32m02-12 13:14:16[0m [[1mINFO[0m] [36m[4muvicorn[0m[36m[0m | Started server process [185663]
[32m02-12 13:14:16[0m [[1mINFO[0m] [36m[4muvicorn[0m[36m[0m | Waiting for application startup.
[32m02-12 13:14:16[0m [[1mINFO[0m] [36m[4mnonebot_plugin_apscheduler[0m[36m[0m | [33mScheduler Started[0m
[32m02-12 13:14:16[0m [[1mINFO[0m] [36m[4muvicorn[0m[36m[0m | Application startup complete.
[32m02-12 13:14:16[0m [[1mINFO[0m] [36m[4muvicorn[0m[36m[0m | Uvicorn running on http://0.0.0.0:8080 (Press CTRL+C to quit)
[32m02-12 13:14:17[0m [[1mINFO[0m] [36m[4muvicorn[0m[36m[0m | ('127.0.0.1', 59284) - "WebSocket /cqhttp/ws" [accepted]
[32m02-12 13:14:17[0m [[1mINFO[0m] [36m[4mnonebot[0m[36m[0m | WebSocket Connection from [33mCQHTTP Bot 3295018109[0m Accepted!
[32m02-12 13:15:15[0m [[1mINFO[0m] [36m[4mnonebot[0m[36m[0m | [35mCQHTTP 3295018109[0m | [message.private.friend]: Message 1835411342 from 1024979076 "提醒"
[32m02-12 13:15:15[0m [[34m[1mDEBUG[0m] [36m[4mnonebot[0m[36m[0m | Checking for matchers in priority 1...
[32m02-12 13:15:15[0m [[1mINFO[0m] [36m[4mnonebot[0m[36m[0m | Event will be handled by <Matcher from remain, type=message, priority=1, temp=False>
[32m02-12 13:15:15[0m [[34m[1mDEBUG[0m] [36m[4mnonebot[0m[36m[0m | Running matcher <Matcher from remain, type=message, priority=1, temp=False>
[32m02-12 13:15:15[0m [[34m[1mDEBUG[0m] [36m[4mnonebot[0m[36m[0m | [35mCQHTTP[0m | Calling API [33msend_msg[0m
[32m02-12 13:15:15[0m [[1mINFO[0m] [36m[4mnonebot[0m[36m[0m | Matcher <Matcher from remain, type=message, priority=1, temp=False> running complete
[32m02-12 13:15:15[0m [[34m[1mDEBUG[0m] [36m[4mnonebot[0m[36m[0m | Stop event propagation
[32m02-12 13:15:21[0m [[1mINFO[0m] [36m[4mnonebot[0m[36m[0m | [35mCQHTTP 3295018109[0m | [message.private.friend]: Message 442570520 from 1024979076 "菜单"
[32m02-12 13:15:21[0m [[34m[1mDEBUG[0m] [36m[4mnonebot[0m[36m[0m | Checking for matchers in priority 0...
[32m02-12 13:15:21[0m [[1mINFO[0m] [36m[4mnonebot[0m[36m[0m | Event will be handled by <Matcher from remain, type=message, priority=0, temp=True>
[32m02-12 13:15:21[0m [[34m[1mDEBUG[0m] [36m[4mnonebot[0m[36m[0m | Running matcher <Matcher from remain, type=message, priority=0, temp=True>
list index out of range
[32m02-12 13:15:21[0m [[34m[1mDEBUG[0m] [36m[4mnonebot[0m[36m[0m | [35mCQHTTP[0m | Calling API [33msend_msg[0m
[32m02-12 13:15:21[0m [[1mINFO[0m] [36m[4mnonebot[0m[36m[0m | Matcher <Matcher from remain, type=message, priority=0, temp=True> running complete
[32m02-12 13:15:21[0m [[34m[1mDEBUG[0m] [36m[4mnonebot[0m[36m[0m | Stop event propagation
[32m02-12 13:15:25[0m [[1mINFO[0m] [36m[4mnonebot[0m[36m[0m | [35mCQHTTP 3295018109[0m | [message.private.friend]: Message -1965159799 from 1024979076 "菜单"
[32m02-12 13:15:25[0m [[34m[1mDEBUG[0m] [36m[4mnonebot[0m[36m[0m | Checking for matchers in priority 0...
[32m02-12 13:15:25[0m [[34m[1mDEBUG[0m] [36m[4mnonebot[0m[36m[0m | Checking for matchers in priority 1...
[32m02-12 13:15:25[0m [[1mINFO[0m] [36m[4mnonebot[0m[36m[0m | Event will be handled by <Matcher from menu, type=message, priority=1, temp=False>
[32m02-12 13:15:25[0m [[34m[1mDEBUG[0m] [36m[4mnonebot[0m[36m[0m | Running matcher <Matcher from menu, type=message, priority=1, temp=False>
[32m02-12 13:15:25[0m [[34m[1mDEBUG[0m] [36m[4mnonebot[0m[36m[0m | [35mCQHTTP[0m | Calling API [33msend_msg[0m
[32m02-12 13:15:25[0m [[1mINFO[0m] [36m[4mnonebot[0m[36m[0m | Matcher <Matcher from menu, type=message, priority=1, temp=False> running complete
[32m02-12 13:15:25[0m [[34m[1mDEBUG[0m] [36m[4mnonebot[0m[36m[0m | Stop event propagation
[32m02-12 13:16:55[0m [[1mINFO[0m] [36m[4muvicorn[0m[36m[0m | Shutting down
[32m02-12 13:16:55[0m [[31m[1mERROR[0m] [36m[4mnonebot[0m[36m[0m | WebSocket disconnected by peer.
[32m02-12 13:16:56[0m [[1mINFO[0m] [36m[4muvicorn[0m[36m[0m | Waiting for application shutdown.
[32m02-12 13:16:56[0m [[1mINFO[0m] [36m[4muvicorn[0m[36m[0m | Application shutdown complete.
[32m02-12 13:16:56[0m [[1mINFO[0m] [36m[4muvicorn[0m[36m[0m | Finished server process [185663]
